<?xml version="1.0" encoding="UTF-8"?>
<!-- Generated by org.testng.reporters.JUnitReportReporter -->
<testsuite hostname="DESKTOP-ICGBU50" failures="0" tests="1" name="vws.RestAssuredAPITesting.DynamicJson" time="6.567" errors="0" timestamp="2024-03-18T14:27:53 PDT" skipped="0">
  <testcase classname="vws.RestAssuredAPITesting.DynamicJson" name="addPlaceTest" time="6.567"/>
</testsuite> <!-- vws.RestAssuredAPITesting.DynamicJson -->
