<?xml version="1.0" encoding="UTF-8"?>
<!-- Generated by org.testng.reporters.JUnitReportReporter -->
<testsuite hostname="DESKTOP-ICGBU50" failures="0" tests="1" name="vws.RestAssuredAPITesting.EcommerceAPITest" time="9.467" errors="0" timestamp="2024-03-21T16:24:32 PDT" skipped="0">
  <testcase classname="vws.RestAssuredAPITesting.EcommerceAPITest" name="CreateProductTest" time="9.467"/>
</testsuite> <!-- vws.RestAssuredAPITesting.EcommerceAPITest -->
