<?xml version="1.0" encoding="UTF-8"?>
<!-- Generated by org.testng.reporters.JUnitReportReporter -->
<testsuite hostname="DESKTOP-ICGBU50" failures="0" tests="1" name="vws.RestAssuredAPITesting.AddPlaceWithPOJOClassRequest" time="18.090" errors="0" timestamp="2024-03-20T15:30:16 PDT" skipped="0">
  <testcase classname="vws.RestAssuredAPITesting.AddPlaceWithPOJOClassRequest" name="AddPlaceTest" time="18.090"/>
</testsuite> <!-- vws.RestAssuredAPITesting.AddPlaceWithPOJOClassRequest -->
