<?xml version="1.0" encoding="UTF-8"?>
<!-- Generated by org.testng.reporters.JUnitReportReporter -->
<testsuite hostname="DESKTOP-ICGBU50" failures="0" tests="1" name="vws.RestAssuredAPITesting.AddPlaceWithRequestAndResponseSpecBuilder" time="10.740" errors="0" timestamp="2024-03-20T16:18:35 PDT" skipped="0">
  <testcase classname="vws.RestAssuredAPITesting.AddPlaceWithRequestAndResponseSpecBuilder" name="AddPlaceTest" time="10.740"/>
</testsuite> <!-- vws.RestAssuredAPITesting.AddPlaceWithRequestAndResponseSpecBuilder -->
