<?xml version="1.0" encoding="UTF-8"?>
<!-- Generated by org.testng.reporters.JUnitReportReporter -->
<testsuite hostname="DESKTOP-ICGBU50" failures="0" tests="1" name="vws.RestAssuredAPITesting.ComplexJsonSerializationAndDeSerialization" time="0.186" errors="0" timestamp="2024-03-21T22:58:17 PDT" skipped="0">
  <testcase classname="vws.RestAssuredAPITesting.ComplexJsonSerializationAndDeSerialization" name="buildPOJOUsingInputJSONAndCompareWithOutPutJSON" time="0.186"/>
</testsuite> <!-- vws.RestAssuredAPITesting.ComplexJsonSerializationAndDeSerialization -->
