<?xml version="1.0" encoding="UTF-8"?>
<!-- Generated by org.testng.reporters.JUnitReportReporter -->
<testsuite hostname="DESKTOP-ICGBU50" failures="0" tests="1" name="jira.AddComment" time="7.395" errors="0" timestamp="2024-03-19T16:11:10 PDT" skipped="0">
  <testcase classname="jira.AddComment" name="GetIssueTest" time="7.395"/>
</testsuite> <!-- jira.AddComment -->
