<?xml version="1.0" encoding="UTF-8"?>
<!-- Generated by org.testng.reporters.JUnitReportReporter -->
<testsuite hostname="DESKTOP-ICGBU50" failures="0" tests="1" name="ClientCredentialsOauth.GetAccessTokenAndGetCourseDetails" time="10.566" errors="0" timestamp="2024-03-19T23:01:57 PDT" skipped="0">
  <testcase classname="ClientCredentialsOauth.GetAccessTokenAndGetCourseDetails" name="getCourseDetailsWithPOJOClassTest" time="10.566"/>
</testsuite> <!-- ClientCredentialsOauth.GetAccessTokenAndGetCourseDetails -->
