<?xml version="1.0" encoding="UTF-8"?>
<!-- Generated by org.testng.reporters.JUnitReportReporter -->
<testsuite hostname="DESKTOP-ICGBU50" failures="0" tests="1" name="vws.RestAssuredAPITesting.ParseComplexJson" time="4.132" errors="0" timestamp="2024-03-17T19:32:56 PDT" skipped="0">
  <testcase classname="vws.RestAssuredAPITesting.ParseComplexJson" name="parseJsonTest" time="4.132"/>
</testsuite> <!-- vws.RestAssuredAPITesting.ParseComplexJson -->
